{"level":"info","message":"✅ Mapbox configured","timestamp":"2026-02-04 11:42:59"}
{"level":"info","message":"✅ Upstash Redis configured (REST API)","timestamp":"2026-02-04 11:43:01"}
{"level":"info","message":"✅ Mapbox configured","timestamp":"2026-02-04 11:46:52"}
{"level":"info","message":"✅ Upstash Redis configured (REST API)","timestamp":"2026-02-04 11:46:55"}
{"level":"info","message":"✅ Mapbox configured","timestamp":"2026-02-04 11:47:40"}
{"level":"info","message":"✅ Upstash Redis configured (REST API)","timestamp":"2026-02-04 11:47:41"}
{"level":"info","message":"✅ Mapbox configured","timestamp":"2026-02-04 11:49:57"}
{"level":"info","message":"✅ Upstash Redis configured (REST API)","timestamp":"2026-02-04 11:49:58"}
{"level":"info","message":"✅ Mapbox configured","timestamp":"2026-02-04 11:50:22"}
{"level":"info","message":"✅ Upstash Redis configured (REST API)","timestamp":"2026-02-04 11:50:23"}
{"level":"info","message":"✅ Mapbox configured","timestamp":"2026-02-04 11:50:28"}
{"level":"info","message":"✅ Upstash Redis configured (REST API)","timestamp":"2026-02-04 11:50:29"}
{"level":"info","message":"✅ Mapbox configured","timestamp":"2026-02-04 11:50:42"}
{"level":"info","message":"✅ Upstash Redis configured (REST API)","timestamp":"2026-02-04 11:50:43"}
{"level":"warn","message":"GET /api/auth/me 401 - 53ms","timestamp":"2026-02-04 12:11:48"}
{"level":"http","message":"POST /api/auth/login 200 - 2461ms","timestamp":"2026-02-04 12:12:35"}
{"level":"debug","message":"[Cache MISS] Cart for user ef1fb24b-87fa-475c-a92c-e8e4ec87381a","timestamp":"2026-02-04 12:12:36"}
{"level":"http","message":"GET /api/products/season/winter 304 - 158ms","timestamp":"2026-02-04 12:12:36"}
{"level":"http","message":"GET /api/products/season/winter 304 - 139ms","timestamp":"2026-02-04 12:12:36"}
{"level":"http","message":"GET /api/cart 304 - 1530ms","timestamp":"2026-02-04 12:12:36"}
{"level":"debug","message":"[Cache SET] Product list: bestsellers:10","timestamp":"2026-02-04 12:12:37"}
{"level":"http","message":"GET /api/products/bestsellers 200 - 1157ms","timestamp":"2026-02-04 12:12:37"}
{"level":"debug","message":"[Cache SET] Product list: toprated:10","timestamp":"2026-02-04 12:12:37"}
{"level":"http","message":"GET /api/products/top-rated 200 - 1157ms","timestamp":"2026-02-04 12:12:37"}
{"level":"http","message":"GET /api/products/bestsellers 200 - 104ms","timestamp":"2026-02-04 12:12:37"}
{"level":"http","message":"GET /api/products/top-rated 200 - 102ms","timestamp":"2026-02-04 12:12:37"}
{"level":"debug","message":"[Cache SET] Product list: newarrivals:10","timestamp":"2026-02-04 12:12:37"}
{"level":"http","message":"GET /api/products/new-arrivals 200 - 1309ms","timestamp":"2026-02-04 12:12:37"}
{"level":"http","message":"GET /api/products/new-arrivals 200 - 79ms","timestamp":"2026-02-04 12:12:37"}
{"level":"warn","message":"GET /api/admin/notifications 404 - 3ms","timestamp":"2026-02-04 12:12:45"}
{"level":"warn","message":"GET /api/admin/dashboard 404 - 2ms","timestamp":"2026-02-04 12:12:45"}
{"level":"warn","message":"GET /api/admin/notifications 404 - 0ms","timestamp":"2026-02-04 12:12:45"}
{"level":"warn","message":"GET /api/admin/dashboard 404 - 1ms","timestamp":"2026-02-04 12:12:45"}
{"level":"warn","message":"GET /api/admin/dashboard 404 - 1ms","timestamp":"2026-02-04 12:13:21"}
{"level":"warn","message":"GET /api/admin/notifications 404 - 3ms","timestamp":"2026-02-04 12:13:21"}
{"level":"warn","message":"GET /api/admin/dashboard 404 - 2ms","timestamp":"2026-02-04 12:13:21"}
{"level":"warn","message":"GET /api/admin/notifications 404 - 0ms","timestamp":"2026-02-04 12:13:21"}
{"level":"debug","message":"[Cache MISS] Cart for user ef1fb24b-87fa-475c-a92c-e8e4ec87381a","timestamp":"2026-02-04 12:41:07"}
{"level":"http","message":"GET /api/cart 304 - 1470ms","timestamp":"2026-02-04 12:41:08"}
{"level":"http","message":"GET /api/auth/me 200 - 1728ms","timestamp":"2026-02-04 12:41:08"}
{"level":"debug","message":"[Cache MISS] Cart for user ef1fb24b-87fa-475c-a92c-e8e4ec87381a","timestamp":"2026-02-04 12:41:08"}
{"level":"http","message":"GET /api/cart 304 - 258ms","timestamp":"2026-02-04 12:41:08"}
{"level":"info","message":"✅ Mapbox configured","timestamp":"2026-02-04 12:41:10"}
{"level":"info","message":"✅ Upstash Redis configured (REST API)","timestamp":"2026-02-04 12:41:11"}
{"level":"info","message":"✅ Mapbox configured","timestamp":"2026-02-04 13:14:33"}
{"level":"info","message":"✅ Upstash Redis configured (REST API)","timestamp":"2026-02-04 13:14:34"}
{"level":"info","message":"✅ Mapbox configured","timestamp":"2026-02-04 13:14:45"}
{"level":"info","message":"✅ Upstash Redis configured (REST API)","timestamp":"2026-02-04 13:14:45"}
{"level":"info","message":"✅ Mapbox configured","timestamp":"2026-02-04 13:14:58"}
{"level":"info","message":"✅ Upstash Redis configured (REST API)","timestamp":"2026-02-04 13:14:58"}
{"level":"info","message":"✅ Mapbox configured","timestamp":"2026-02-04 13:15:09"}
{"level":"info","message":"✅ Upstash Redis configured (REST API)","timestamp":"2026-02-04 13:15:10"}
{"level":"warn","message":"GET /api/admin/overview 404 - 7ms","timestamp":"2026-02-04 13:15:41"}
{"level":"warn","message":"GET /api/admin/alerts 404 - 2ms","timestamp":"2026-02-04 13:15:41"}
{"level":"debug","message":"[Cache MISS] Cart for user ef1fb24b-87fa-475c-a92c-e8e4ec87381a","timestamp":"2026-02-04 13:15:42"}
{"level":"http","message":"GET /api/auth/me 304 - 1699ms","timestamp":"2026-02-04 13:15:43"}
{"level":"warn","message":"GET /api/admin/overview 404 - 0ms","timestamp":"2026-02-04 13:15:43"}
{"level":"warn","message":"GET /api/admin/alerts 404 - 1ms","timestamp":"2026-02-04 13:15:43"}
{"level":"http","message":"GET /api/cart 304 - 1714ms","timestamp":"2026-02-04 13:15:43"}
{"level":"debug","message":"[Cache MISS] Cart for user ef1fb24b-87fa-475c-a92c-e8e4ec87381a","timestamp":"2026-02-04 13:15:43"}
{"level":"http","message":"GET /api/cart 304 - 258ms","timestamp":"2026-02-04 13:15:43"}
{"level":"warn","message":"GET /api/admin/overview 404 - 1ms","timestamp":"2026-02-04 13:16:47"}
{"level":"warn","message":"GET /api/admin/alerts 404 - 1ms","timestamp":"2026-02-04 13:16:47"}
{"level":"debug","message":"[Cache MISS] Cart for user ef1fb24b-87fa-475c-a92c-e8e4ec87381a","timestamp":"2026-02-04 13:16:48"}
{"level":"http","message":"GET /api/auth/me 304 - 1031ms","timestamp":"2026-02-04 13:16:48"}
{"level":"warn","message":"GET /api/admin/overview 404 - 2ms","timestamp":"2026-02-04 13:16:48"}
{"level":"warn","message":"GET /api/admin/alerts 404 - 0ms","timestamp":"2026-02-04 13:16:48"}
{"level":"http","message":"GET /api/cart 304 - 1089ms","timestamp":"2026-02-04 13:16:48"}
{"level":"debug","message":"[Cache MISS] Cart for user ef1fb24b-87fa-475c-a92c-e8e4ec87381a","timestamp":"2026-02-04 13:16:48"}
{"level":"http","message":"GET /api/cart 304 - 184ms","timestamp":"2026-02-04 13:16:49"}
{"level":"warn","message":"GET /api/admin/overview 404 - 1ms","timestamp":"2026-02-04 13:19:08"}
{"level":"warn","message":"GET /api/admin/alerts 404 - 0ms","timestamp":"2026-02-04 13:19:08"}
{"level":"warn","message":"GET /api/admin/overview 404 - 1ms","timestamp":"2026-02-04 13:19:08"}
{"level":"warn","message":"GET /api/admin/alerts 404 - 0ms","timestamp":"2026-02-04 13:19:08"}
{"level":"http","message":"GET /api/products/season/winter 304 - 1248ms","timestamp":"2026-02-04 13:19:18"}
{"level":"debug","message":"[Cache SET] Product list: newarrivals:10","timestamp":"2026-02-04 13:19:18"}
{"level":"http","message":"GET /api/products/new-arrivals 200 - 1335ms","timestamp":"2026-02-04 13:19:18"}
{"level":"debug","message":"[Cache SET] Product list: bestsellers:10","timestamp":"2026-02-04 13:19:18"}
{"level":"http","message":"GET /api/products/bestsellers 200 - 1370ms","timestamp":"2026-02-04 13:19:18"}
{"level":"debug","message":"[Cache SET] Product list: toprated:10","timestamp":"2026-02-04 13:19:18"}
{"level":"http","message":"GET /api/products/top-rated 200 - 1359ms","timestamp":"2026-02-04 13:19:18"}
{"level":"http","message":"GET /api/products/season/winter 304 - 143ms","timestamp":"2026-02-04 13:19:18"}
{"level":"http","message":"GET /api/products/new-arrivals 200 - 69ms","timestamp":"2026-02-04 13:19:18"}
{"level":"http","message":"GET /api/products/top-rated 200 - 85ms","timestamp":"2026-02-04 13:19:18"}
{"level":"http","message":"GET /api/products/bestsellers 200 - 89ms","timestamp":"2026-02-04 13:19:18"}
{"level":"http","message":"GET /api/products/new-arrivals 304 - 363ms","timestamp":"2026-02-04 13:19:42"}
{"level":"http","message":"GET /api/products/bestsellers 304 - 373ms","timestamp":"2026-02-04 13:19:42"}
{"level":"http","message":"GET /api/products/new-arrivals 304 - 87ms","timestamp":"2026-02-04 13:19:42"}
{"level":"http","message":"GET /api/products/top-rated 304 - 447ms","timestamp":"2026-02-04 13:19:42"}
{"level":"http","message":"GET /api/products/bestsellers 304 - 84ms","timestamp":"2026-02-04 13:19:42"}
{"level":"http","message":"GET /api/products/top-rated 304 - 71ms","timestamp":"2026-02-04 13:19:42"}
{"level":"http","message":"GET /api/products/season/winter 304 - 1153ms","timestamp":"2026-02-04 13:19:43"}
{"level":"http","message":"GET /api/products/season/winter 304 - 158ms","timestamp":"2026-02-04 13:19:43"}
{"level":"warn","message":"GET /api/admin/overview 404 - 0ms","timestamp":"2026-02-04 13:21:04"}
{"level":"warn","message":"GET /api/admin/alerts 404 - 0ms","timestamp":"2026-02-04 13:21:04"}
{"level":"warn","message":"GET /api/admin/overview 404 - 0ms","timestamp":"2026-02-04 13:21:04"}
{"level":"warn","message":"GET /api/admin/alerts 404 - 1ms","timestamp":"2026-02-04 13:21:04"}
{"level":"info","message":"✅ Mapbox configured","timestamp":"2026-02-04 13:24:21"}
{"level":"info","message":"✅ Upstash Redis configured (REST API)","timestamp":"2026-02-04 13:24:22"}
{"level":"info","message":"✅ Mapbox configured","timestamp":"2026-02-04 13:24:32"}
{"level":"info","message":"✅ Upstash Redis configured (REST API)","timestamp":"2026-02-04 13:24:32"}
{"level":"warn","message":"GET /api/admin/overview 404 - 66ms","timestamp":"2026-02-04 13:24:48"}
{"level":"warn","message":"GET /api/admin/alerts 404 - 1ms","timestamp":"2026-02-04 13:24:48"}
{"level":"debug","message":"[Cache MISS] Cart for user ef1fb24b-87fa-475c-a92c-e8e4ec87381a","timestamp":"2026-02-04 13:24:49"}
{"level":"http","message":"GET /api/auth/me 304 - 1194ms","timestamp":"2026-02-04 13:24:49"}
{"level":"warn","message":"GET /api/admin/overview 404 - 1ms","timestamp":"2026-02-04 13:24:49"}
{"level":"warn","message":"GET /api/admin/alerts 404 - 0ms","timestamp":"2026-02-04 13:24:49"}
{"level":"http","message":"GET /api/cart 304 - 1392ms","timestamp":"2026-02-04 13:24:50"}
{"level":"debug","message":"[Cache MISS] Cart for user ef1fb24b-87fa-475c-a92c-e8e4ec87381a","timestamp":"2026-02-04 13:24:50"}
{"level":"http","message":"GET /api/cart 304 - 272ms","timestamp":"2026-02-04 13:24:50"}
{"level":"warn","message":"GET /api/admin/ping 404 - 1ms","timestamp":"2026-02-04 13:25:29"}
{"level":"warn","message":"GET /.well-known/appspecific/com.chrome.devtools.json 404 - 1ms","timestamp":"2026-02-04 13:25:29"}
{"level":"warn","message":"GET /favicon.ico 404 - 0ms","timestamp":"2026-02-04 13:25:29"}
{"level":"warn","message":"GET /api/admin/overview 404 - 0ms","timestamp":"2026-02-04 13:25:44"}
{"level":"warn","message":"GET /api/admin/alerts 404 - 1ms","timestamp":"2026-02-04 13:25:44"}
{"level":"debug","message":"[Cache MISS] Cart for user ef1fb24b-87fa-475c-a92c-e8e4ec87381a","timestamp":"2026-02-04 13:25:45"}
{"level":"http","message":"GET /api/auth/me 304 - 998ms","timestamp":"2026-02-04 13:25:45"}
{"level":"warn","message":"GET /api/admin/overview 404 - 1ms","timestamp":"2026-02-04 13:25:45"}
{"level":"warn","message":"GET /api/admin/alerts 404 - 1ms","timestamp":"2026-02-04 13:25:45"}
{"level":"http","message":"GET /api/cart 304 - 1522ms","timestamp":"2026-02-04 13:25:46"}
{"level":"debug","message":"[Cache MISS] Cart for user ef1fb24b-87fa-475c-a92c-e8e4ec87381a","timestamp":"2026-02-04 13:25:46"}
{"level":"http","message":"GET /api/cart 304 - 180ms","timestamp":"2026-02-04 13:25:46"}
{"level":"info","message":"✅ Mapbox configured","timestamp":"2026-02-04 13:26:18"}
{"level":"info","message":"✅ Upstash Redis configured (REST API)","timestamp":"2026-02-04 13:26:19"}
{"level":"warn","message":"GET /api/admin/overview 404 - 2ms","timestamp":"2026-02-04 13:28:05"}
{"level":"warn","message":"GET /api/admin/alerts 404 - 1ms","timestamp":"2026-02-04 13:28:05"}
{"level":"debug","message":"[Cache MISS] Cart for user ef1fb24b-87fa-475c-a92c-e8e4ec87381a","timestamp":"2026-02-04 13:28:06"}
{"level":"http","message":"GET /api/auth/me 304 - 1058ms","timestamp":"2026-02-04 13:28:06"}
{"level":"warn","message":"GET /api/admin/overview 404 - 1ms","timestamp":"2026-02-04 13:28:06"}
{"level":"warn","message":"GET /api/admin/alerts 404 - 2ms","timestamp":"2026-02-04 13:28:06"}
{"level":"http","message":"GET /api/cart 304 - 1314ms","timestamp":"2026-02-04 13:28:06"}
{"level":"debug","message":"[Cache MISS] Cart for user ef1fb24b-87fa-475c-a92c-e8e4ec87381a","timestamp":"2026-02-04 13:28:07"}
{"level":"http","message":"GET /api/cart 304 - 218ms","timestamp":"2026-02-04 13:28:07"}
{"level":"warn","message":"GET /api/debug 404 - 2ms","timestamp":"2026-02-04 13:28:13"}
{"level":"warn","message":"GET /api/admin/ping 404 - 1ms","timestamp":"2026-02-04 13:28:15"}
{"level":"http","message":"GET / 200 - 26ms","timestamp":"2026-02-04 13:28:41"}
{"level":"info","message":"✅ Mapbox configured","timestamp":"2026-02-04 13:29:06"}
{"level":"info","message":"✅ Upstash Redis configured (REST API)","timestamp":"2026-02-04 13:29:07"}
{"level":"http","message":"GET / 200 - 2ms","timestamp":"2026-02-04 13:29:12"}
{"level":"info","message":"✅ Mapbox configured","timestamp":"2026-02-04 13:30:28"}
{"level":"info","message":"✅ Upstash Redis configured (REST API)","timestamp":"2026-02-04 13:30:29"}
{"level":"warn","message":"GET /api/admin/overview 404 - 1ms","timestamp":"2026-02-04 13:30:34"}
{"level":"warn","message":"GET /api/admin/alerts 404 - 1ms","timestamp":"2026-02-04 13:30:34"}
{"level":"debug","message":"[Cache MISS] Cart for user ef1fb24b-87fa-475c-a92c-e8e4ec87381a","timestamp":"2026-02-04 13:30:35"}
{"level":"http","message":"GET /api/auth/me 304 - 887ms","timestamp":"2026-02-04 13:30:35"}
{"level":"warn","message":"GET /api/admin/overview 404 - 0ms","timestamp":"2026-02-04 13:30:35"}
{"level":"warn","message":"GET /api/admin/alerts 404 - 1ms","timestamp":"2026-02-04 13:30:35"}
{"level":"http","message":"GET /api/cart 304 - 1287ms","timestamp":"2026-02-04 13:30:36"}
{"level":"debug","message":"[Cache MISS] Cart for user ef1fb24b-87fa-475c-a92c-e8e4ec87381a","timestamp":"2026-02-04 13:30:36"}
{"level":"http","message":"GET /api/cart 304 - 192ms","timestamp":"2026-02-04 13:30:36"}
{"level":"info","message":"✅ Mapbox configured","timestamp":"2026-02-04 18:23:30"}
{"level":"info","message":"✅ Upstash Redis configured (REST API)","timestamp":"2026-02-04 18:23:32"}
{"level":"info","message":"✅ Mapbox configured","timestamp":"2026-02-04 18:26:41"}
{"level":"info","message":"✅ Upstash Redis configured (REST API)","timestamp":"2026-02-04 18:26:43"}
{"level":"info","message":"✅ Mapbox configured","timestamp":"2026-02-04 18:26:50"}
{"level":"info","message":"✅ Upstash Redis configured (REST API)","timestamp":"2026-02-04 18:26:50"}
{"level":"info","message":"✅ Mapbox configured","timestamp":"2026-02-04 18:27:10"}
{"level":"info","message":"✅ Upstash Redis configured (REST API)","timestamp":"2026-02-04 18:27:11"}
{"level":"debug","message":"[Cache MISS] Cart for user ef1fb24b-87fa-475c-a92c-e8e4ec87381a","timestamp":"2026-02-04 18:57:26"}
{"level":"http","message":"GET /api/admin/alerts 200 - 1535ms","timestamp":"2026-02-04 18:57:26"}
{"level":"http","message":"GET /api/admin/overview 200 - 1729ms","timestamp":"2026-02-04 18:57:26"}
{"level":"http","message":"GET /api/auth/me 304 - 1896ms","timestamp":"2026-02-04 18:57:26"}
{"level":"http","message":"GET /api/admin/alerts 304 - 137ms","timestamp":"2026-02-04 18:57:26"}
{"level":"http","message":"GET /api/admin/overview 304 - 157ms","timestamp":"2026-02-04 18:57:26"}
{"level":"http","message":"GET /api/cart 304 - 2099ms","timestamp":"2026-02-04 18:57:27"}
{"level":"debug","message":"[Cache MISS] Cart for user ef1fb24b-87fa-475c-a92c-e8e4ec87381a","timestamp":"2026-02-04 18:57:27"}
{"level":"http","message":"GET /api/cart 304 - 346ms","timestamp":"2026-02-04 18:57:27"}
{"level":"debug","message":"[Mapbox] Reverse geocoded: 20.231181, 85.729398 → Nh16, 752054, Badaraghunathpur, Jatani, Khordha, Odisha, India","timestamp":"2026-02-04 19:01:00"}
{"level":"http","message":"POST /api/auth/update-location 200 - 1947ms","timestamp":"2026-02-04 19:01:01"}
{"level":"debug","message":"[Cache MISS] Cart for user ef1fb24b-87fa-475c-a92c-e8e4ec87381a","timestamp":"2026-02-04 19:01:02"}
{"level":"http","message":"GET /api/cart 304 - 1221ms","timestamp":"2026-02-04 19:01:03"}
{"level":"http","message":"GET /api/products/season/winter 304 - 1175ms","timestamp":"2026-02-04 19:01:56"}
{"level":"http","message":"GET /api/products/season/winter 304 - 100ms","timestamp":"2026-02-04 19:01:57"}
{"level":"debug","message":"[Cache SET] Product list: newarrivals:10","timestamp":"2026-02-04 19:01:57"}
{"level":"http","message":"GET /api/products/new-arrivals 200 - 1764ms","timestamp":"2026-02-04 19:01:57"}
{"level":"debug","message":"[Cache SET] Product list: bestsellers:10","timestamp":"2026-02-04 19:01:57"}
{"level":"http","message":"GET /api/products/bestsellers 200 - 1732ms","timestamp":"2026-02-04 19:01:57"}
{"level":"debug","message":"[Cache SET] Product list: toprated:10","timestamp":"2026-02-04 19:01:57"}
{"level":"http","message":"GET /api/products/top-rated 200 - 1733ms","timestamp":"2026-02-04 19:01:57"}
{"level":"http","message":"GET /api/products/new-arrivals 200 - 111ms","timestamp":"2026-02-04 19:01:57"}
{"level":"http","message":"GET /api/products/top-rated 200 - 394ms","timestamp":"2026-02-04 19:01:57"}
{"level":"http","message":"GET /api/products/bestsellers 200 - 590ms","timestamp":"2026-02-04 19:01:58"}
{"level":"http","message":"POST /api/auth/logout 200 - 2491ms","timestamp":"2026-02-04 19:02:49"}
{"level":"warn","message":"POST /api/auth/login 401 - 1420ms","timestamp":"2026-02-04 19:03:11"}
{"level":"warn","message":"POST /api/auth/login 401 - 329ms","timestamp":"2026-02-04 19:03:21"}
{"level":"http","message":"POST /api/auth/login 200 - 909ms","timestamp":"2026-02-04 19:03:29"}
{"level":"debug","message":"[Cache MISS] Cart for user 39ced314-d474-4fa7-8b11-46881b66baf4","timestamp":"2026-02-04 19:03:29"}
{"level":"http","message":"GET /api/products/season/winter 304 - 128ms","timestamp":"2026-02-04 19:03:30"}
{"level":"http","message":"GET /api/products/top-rated 304 - 410ms","timestamp":"2026-02-04 19:03:30"}
{"level":"http","message":"GET /api/products/bestsellers 304 - 431ms","timestamp":"2026-02-04 19:03:30"}
{"level":"http","message":"GET /api/products/new-arrivals 304 - 449ms","timestamp":"2026-02-04 19:03:30"}
{"level":"http","message":"GET /api/products/season/winter 304 - 322ms","timestamp":"2026-02-04 19:03:30"}
{"level":"http","message":"GET /api/products/top-rated 304 - 111ms","timestamp":"2026-02-04 19:03:30"}
{"level":"http","message":"GET /api/products/bestsellers 304 - 105ms","timestamp":"2026-02-04 19:03:30"}
{"level":"http","message":"GET /api/products/new-arrivals 304 - 102ms","timestamp":"2026-02-04 19:03:30"}
{"level":"http","message":"GET /api/cart 304 - 1677ms","timestamp":"2026-02-04 19:03:30"}
{"level":"http","message":"GET /api/products/top-rated 304 - 777ms","timestamp":"2026-02-04 19:04:18"}
{"level":"http","message":"GET /api/products/bestsellers 304 - 798ms","timestamp":"2026-02-04 19:04:18"}
{"level":"http","message":"GET /api/products/new-arrivals 304 - 818ms","timestamp":"2026-02-04 19:04:18"}
{"level":"http","message":"GET /api/products/top-rated 304 - 255ms","timestamp":"2026-02-04 19:04:18"}
{"level":"http","message":"GET /api/products/bestsellers 304 - 250ms","timestamp":"2026-02-04 19:04:18"}
{"level":"http","message":"GET /api/products/new-arrivals 304 - 250ms","timestamp":"2026-02-04 19:04:18"}
{"level":"http","message":"GET /api/products/season/winter 304 - 1580ms","timestamp":"2026-02-04 19:04:18"}
{"level":"http","message":"GET /api/products/season/winter 304 - 174ms","timestamp":"2026-02-04 19:04:19"}
{"level":"http","message":"POST /api/auth/logout 200 - 1145ms","timestamp":"2026-02-04 19:04:40"}
{"level":"http","message":"GET /api/products/season/winter 304 - 171ms","timestamp":"2026-02-04 19:04:49"}
{"level":"http","message":"GET /api/products/season/winter 304 - 109ms","timestamp":"2026-02-04 19:04:49"}
{"level":"http","message":"GET /api/products/top-rated 304 - 484ms","timestamp":"2026-02-04 19:04:50"}
{"level":"http","message":"GET /api/products/new-arrivals 304 - 519ms","timestamp":"2026-02-04 19:04:50"}
{"level":"http","message":"GET /api/products/bestsellers 304 - 523ms","timestamp":"2026-02-04 19:04:50"}
{"level":"http","message":"GET /api/products/top-rated 304 - 117ms","timestamp":"2026-02-04 19:04:50"}
{"level":"http","message":"GET /api/products/bestsellers 304 - 104ms","timestamp":"2026-02-04 19:04:50"}
{"level":"http","message":"GET /api/products/new-arrivals 304 - 120ms","timestamp":"2026-02-04 19:04:50"}
{"level":"warn","message":"GET /api/auth/me 401 - 4ms","timestamp":"2026-02-04 19:05:22"}
{"level":"warn","message":"POST /api/auth/login 401 - 2099ms","timestamp":"2026-02-04 19:05:40"}
{"level":"http","message":"POST /api/auth/login 200 - 668ms","timestamp":"2026-02-04 19:05:50"}
{"level":"http","message":"GET /api/products/season/winter 304 - 126ms","timestamp":"2026-02-04 19:05:50"}
{"level":"debug","message":"[Cache MISS] Cart for user 39ced314-d474-4fa7-8b11-46881b66baf4","timestamp":"2026-02-04 19:05:51"}
{"level":"http","message":"GET /api/products/season/winter 304 - 160ms","timestamp":"2026-02-04 19:05:51"}
{"level":"http","message":"GET /api/products/top-rated 304 - 487ms","timestamp":"2026-02-04 19:05:51"}
{"level":"http","message":"GET /api/products/bestsellers 304 - 516ms","timestamp":"2026-02-04 19:05:51"}
{"level":"http","message":"GET /api/products/new-arrivals 304 - 556ms","timestamp":"2026-02-04 19:05:51"}
{"level":"http","message":"GET /api/products/top-rated 304 - 169ms","timestamp":"2026-02-04 19:05:51"}
{"level":"http","message":"GET /api/products/bestsellers 304 - 169ms","timestamp":"2026-02-04 19:05:51"}
{"level":"http","message":"GET /api/products/new-arrivals 304 - 210ms","timestamp":"2026-02-04 19:05:51"}
{"level":"http","message":"GET /api/cart 304 - 1551ms","timestamp":"2026-02-04 19:05:51"}
{"level":"http","message":"POST /api/auth/logout 200 - 1394ms","timestamp":"2026-02-04 19:06:15"}
{"level":"warn","message":"GET /api/auth/me 401 - 1ms","timestamp":"2026-02-04 19:06:22"}
{"level":"warn","message":"POST /api/auth/login 429 - 4ms","timestamp":"2026-02-04 19:07:55"}
{"level":"warn","message":"POST /api/auth/login 429 - 4ms","timestamp":"2026-02-04 19:08:09"}
{"level":"warn","message":"POST /api/auth/login 429 - 4ms","timestamp":"2026-02-04 19:12:43"}
{"level":"warn","message":"POST /api/auth/login 429 - 6ms","timestamp":"2026-02-04 19:13:25"}
{"level":"warn","message":"POST /api/auth/login 429 - 4ms","timestamp":"2026-02-04 19:14:41"}
{"level":"warn","message":"POST /api/auth/login 429 - 6ms","timestamp":"2026-02-04 19:15:37"}
{"level":"warn","message":"GET /api/auth/me 401 - 5ms","timestamp":"2026-02-04 19:15:54"}
{"level":"info","message":"✅ Mapbox configured","timestamp":"2026-02-04 19:16:15"}
{"level":"info","message":"✅ Upstash Redis configured (REST API)","timestamp":"2026-02-04 19:16:17"}
{"level":"warn","message":"POST /api/auth/login 401 - 519ms","timestamp":"2026-02-04 19:16:29"}
{"level":"warn","message":"POST /api/auth/login 401 - 341ms","timestamp":"2026-02-04 19:16:37"}
{"level":"http","message":"POST /api/auth/login 200 - 1986ms","timestamp":"2026-02-04 19:17:11"}
{"level":"http","message":"GET /api/products/season/winter 304 - 149ms","timestamp":"2026-02-04 19:17:11"}
{"level":"http","message":"GET /api/products/season/winter 304 - 106ms","timestamp":"2026-02-04 19:17:12"}
{"level":"debug","message":"[Cache MISS] Cart for user ef1fb24b-87fa-475c-a92c-e8e4ec87381a","timestamp":"2026-02-04 19:17:12"}
{"level":"http","message":"GET /api/products/bestsellers 304 - 522ms","timestamp":"2026-02-04 19:17:12"}
{"level":"http","message":"GET /api/cart 304 - 1108ms","timestamp":"2026-02-04 19:17:12"}
{"level":"http","message":"GET /api/products/new-arrivals 304 - 584ms","timestamp":"2026-02-04 19:17:12"}
{"level":"http","message":"GET /api/products/top-rated 304 - 616ms","timestamp":"2026-02-04 19:17:12"}
{"level":"http","message":"GET /api/products/bestsellers 304 - 198ms","timestamp":"2026-02-04 19:17:12"}
{"level":"http","message":"GET /api/products/top-rated 304 - 208ms","timestamp":"2026-02-04 19:17:12"}
{"level":"http","message":"GET /api/products/new-arrivals 304 - 270ms","timestamp":"2026-02-04 19:17:12"}
{"level":"http","message":"POST /api/auth/logout 200 - 1134ms","timestamp":"2026-02-04 19:17:36"}
{"level":"http","message":"POST /api/auth/register 201 - 10142ms","timestamp":"2026-02-04 19:23:22"}
{"level":"http","message":"POST /api/auth/verify-email 200 - 10607ms","timestamp":"2026-02-04 19:23:53"}
{"level":"http","message":"POST /api/auth/login 200 - 1747ms","timestamp":"2026-02-04 19:25:00"}
{"level":"http","message":"GET /api/products/season/winter 304 - 274ms","timestamp":"2026-02-04 19:25:01"}
{"level":"debug","message":"[Cache MISS] Cart for user ef1fb24b-87fa-475c-a92c-e8e4ec87381a","timestamp":"2026-02-04 19:25:01"}
{"level":"http","message":"GET /api/products/season/winter 304 - 378ms","timestamp":"2026-02-04 19:25:01"}
{"level":"http","message":"GET /api/products/new-arrivals 304 - 690ms","timestamp":"2026-02-04 19:25:01"}
{"level":"http","message":"GET /api/products/bestsellers 304 - 748ms","timestamp":"2026-02-04 19:25:01"}
{"level":"http","message":"GET /api/products/top-rated 304 - 753ms","timestamp":"2026-02-04 19:25:01"}
{"level":"http","message":"GET /api/products/new-arrivals 304 - 203ms","timestamp":"2026-02-04 19:25:01"}
{"level":"http","message":"GET /api/products/bestsellers 304 - 144ms","timestamp":"2026-02-04 19:25:01"}
{"level":"http","message":"GET /api/products/top-rated 304 - 197ms","timestamp":"2026-02-04 19:25:01"}
{"level":"http","message":"GET /api/cart 304 - 2280ms","timestamp":"2026-02-04 19:25:02"}
{"level":"http","message":"GET /api/admin/overview 200 - 1264ms","timestamp":"2026-02-04 19:25:06"}
{"level":"http","message":"GET /api/admin/alerts 304 - 1321ms","timestamp":"2026-02-04 19:25:06"}
{"level":"http","message":"GET /api/admin/overview 304 - 183ms","timestamp":"2026-02-04 19:25:06"}
{"level":"http","message":"GET /api/admin/alerts 304 - 131ms","timestamp":"2026-02-04 19:25:06"}
{"level":"http","message":"POST /api/auth/logout 200 - 1372ms","timestamp":"2026-02-04 19:25:37"}
{"level":"http","message":"POST /api/auth/login 200 - 1484ms","timestamp":"2026-02-04 19:26:01"}
{"level":"http","message":"GET /api/products/season/winter 304 - 184ms","timestamp":"2026-02-04 19:26:02"}
{"level":"http","message":"GET /api/products/season/winter 304 - 244ms","timestamp":"2026-02-04 19:26:02"}
{"level":"http","message":"GET /api/products/bestsellers 304 - 606ms","timestamp":"2026-02-04 19:26:02"}
{"level":"debug","message":"[Cache MISS] Cart for user 7d8aff18-b8ba-4be2-8a27-87704f965146","timestamp":"2026-02-04 19:26:02"}
{"level":"http","message":"GET /api/products/new-arrivals 304 - 644ms","timestamp":"2026-02-04 19:26:02"}
{"level":"http","message":"GET /api/products/top-rated 304 - 667ms","timestamp":"2026-02-04 19:26:02"}
{"level":"http","message":"GET /api/cart 304 - 1104ms","timestamp":"2026-02-04 19:26:02"}
{"level":"http","message":"GET /api/products/new-arrivals 304 - 211ms","timestamp":"2026-02-04 19:26:03"}
{"level":"http","message":"GET /api/products/bestsellers 304 - 242ms","timestamp":"2026-02-04 19:26:03"}
{"level":"http","message":"GET /api/products/top-rated 304 - 185ms","timestamp":"2026-02-04 19:26:03"}
{"level":"debug","message":"[Cache MISS] Cart for user 7d8aff18-b8ba-4be2-8a27-87704f965146","timestamp":"2026-02-04 19:41:52"}
{"level":"http","message":"GET /api/auth/me 200 - 1773ms","timestamp":"2026-02-04 19:41:53"}
{"level":"debug","message":"[Cache MISS] Cart for user 7d8aff18-b8ba-4be2-8a27-87704f965146","timestamp":"2026-02-04 19:41:55"}
{"level":"http","message":"GET /api/auth/me 304 - 1076ms","timestamp":"2026-02-04 19:41:57"}
{"level":"debug","message":"[Cache MISS] Cart for user 7d8aff18-b8ba-4be2-8a27-87704f965146","timestamp":"2026-02-04 19:41:57"}
{"level":"http","message":"GET /api/cart 200 - 2396ms","timestamp":"2026-02-04 19:41:58"}
{"level":"debug","message":"[Cache MISS] Cart for user 7d8aff18-b8ba-4be2-8a27-87704f965146","timestamp":"2026-02-04 19:42:00"}
{"level":"http","message":"GET /api/cart 304 - 2751ms","timestamp":"2026-02-04 19:42:01"}
{"level":"info","message":"✅ Mapbox configured","timestamp":"2026-02-04 19:42:50"}
{"level":"info","message":"✅ Upstash Redis configured (REST API)","timestamp":"2026-02-04 19:42:51"}
{"level":"info","message":"✅ Mapbox configured","timestamp":"2026-02-04 19:43:32"}
{"level":"info","message":"✅ Upstash Redis configured (REST API)","timestamp":"2026-02-04 19:43:33"}
{"level":"info","message":"✅ Mapbox configured","timestamp":"2026-02-04 19:44:19"}
{"level":"info","message":"✅ Upstash Redis configured (REST API)","timestamp":"2026-02-04 19:44:20"}
{"level":"info","message":"✅ Mapbox configured","timestamp":"2026-02-04 19:47:06"}
{"level":"info","message":"✅ Upstash Redis configured (REST API)","timestamp":"2026-02-04 19:47:08"}
{"level":"info","message":"✅ Mapbox configured","timestamp":"2026-02-04 19:47:21"}
{"level":"info","message":"✅ Upstash Redis configured (REST API)","timestamp":"2026-02-04 19:47:22"}
{"level":"http","message":"POST /api/auth/logout 200 - 1966ms","timestamp":"2026-02-04 19:51:36"}
{"level":"http","message":"POST /api/auth/login 200 - 1799ms","timestamp":"2026-02-04 19:52:10"}
{"level":"debug","message":"[Cache MISS] Cart for user 7d8aff18-b8ba-4be2-8a27-87704f965146","timestamp":"2026-02-04 19:52:11"}
{"level":"http","message":"GET /api/products/season/winter 304 - 258ms","timestamp":"2026-02-04 19:52:12"}
{"level":"http","message":"GET /api/products/new-arrivals 304 - 421ms","timestamp":"2026-02-04 19:52:12"}
{"level":"http","message":"GET /api/products/bestsellers 304 - 476ms","timestamp":"2026-02-04 19:52:12"}
{"level":"http","message":"GET /api/products/season/winter 304 - 157ms","timestamp":"2026-02-04 19:52:12"}
{"level":"http","message":"GET /api/products/top-rated 304 - 506ms","timestamp":"2026-02-04 19:52:12"}
{"level":"http","message":"GET /api/products/new-arrivals 304 - 196ms","timestamp":"2026-02-04 19:52:12"}
{"level":"http","message":"GET /api/products/bestsellers 304 - 134ms","timestamp":"2026-02-04 19:52:12"}
{"level":"http","message":"GET /api/products/top-rated 304 - 130ms","timestamp":"2026-02-04 19:52:12"}
{"level":"http","message":"GET /api/cart 304 - 2643ms","timestamp":"2026-02-04 19:52:13"}
{"level":"http","message":"POST /api/auth/logout 200 - 1559ms","timestamp":"2026-02-04 19:52:26"}
{"level":"http","message":"POST /api/auth/login 200 - 2671ms","timestamp":"2026-02-04 19:53:13"}
{"level":"http","message":"GET /api/products/season/winter 304 - 161ms","timestamp":"2026-02-04 19:53:14"}
{"level":"http","message":"GET /api/products/season/winter 304 - 180ms","timestamp":"2026-02-04 19:53:14"}
{"level":"http","message":"GET /api/products/top-rated 304 - 1454ms","timestamp":"2026-02-04 19:53:15"}
{"level":"http","message":"GET /api/products/bestsellers 304 - 1488ms","timestamp":"2026-02-04 19:53:15"}
{"level":"debug","message":"[Cache MISS] Cart for user ef1fb24b-87fa-475c-a92c-e8e4ec87381a","timestamp":"2026-02-04 19:53:15"}
{"level":"http","message":"GET /api/products/top-rated 304 - 98ms","timestamp":"2026-02-04 19:53:15"}
{"level":"http","message":"GET /api/products/bestsellers 304 - 188ms","timestamp":"2026-02-04 19:53:15"}
{"level":"http","message":"GET /api/cart 304 - 2170ms","timestamp":"2026-02-04 19:53:15"}
{"level":"http","message":"GET /api/products/new-arrivals 304 - 1867ms","timestamp":"2026-02-04 19:53:15"}
{"level":"http","message":"GET /api/products/new-arrivals 304 - 240ms","timestamp":"2026-02-04 19:53:15"}
{"level":"http","message":"GET /api/admin/alerts 304 - 1586ms","timestamp":"2026-02-04 19:53:20"}
{"level":"http","message":"GET /api/admin/alerts 304 - 141ms","timestamp":"2026-02-04 19:53:20"}
{"level":"http","message":"GET /api/admin/overview 304 - 1760ms","timestamp":"2026-02-04 19:53:20"}
{"level":"http","message":"GET /api/admin/overview 304 - 161ms","timestamp":"2026-02-04 19:53:21"}
{"level":"http","message":"POST /api/auth/logout 200 - 905ms","timestamp":"2026-02-04 19:53:56"}
{"level":"http","message":"POST /api/auth/login 200 - 1906ms","timestamp":"2026-02-04 19:54:21"}
{"level":"http","message":"GET /api/products/season/winter 304 - 205ms","timestamp":"2026-02-04 19:54:21"}
{"level":"http","message":"GET /api/products/season/winter 304 - 213ms","timestamp":"2026-02-04 19:54:21"}
{"level":"http","message":"GET /api/products/top-rated 304 - 1117ms","timestamp":"2026-02-04 19:54:22"}
{"level":"http","message":"GET /api/products/bestsellers 304 - 1132ms","timestamp":"2026-02-04 19:54:22"}
{"level":"debug","message":"[Cache MISS] Cart for user 7d8aff18-b8ba-4be2-8a27-87704f965146","timestamp":"2026-02-04 19:54:22"}
{"level":"http","message":"GET /api/products/new-arrivals 304 - 1231ms","timestamp":"2026-02-04 19:54:22"}
{"level":"http","message":"GET /api/products/bestsellers 304 - 149ms","timestamp":"2026-02-04 19:54:22"}
{"level":"http","message":"GET /api/products/top-rated 304 - 162ms","timestamp":"2026-02-04 19:54:22"}
{"level":"http","message":"GET /api/products/new-arrivals 304 - 482ms","timestamp":"2026-02-04 19:54:23"}
{"level":"http","message":"GET /api/cart 304 - 2725ms","timestamp":"2026-02-04 19:54:23"}
{"level":"warn","message":"POST /api/auth/become-seller 400 - 121ms","timestamp":"2026-02-04 19:55:23"}
{"level":"info","message":"✅ Mapbox configured","timestamp":"2026-02-04 20:50:06"}
{"level":"info","message":"✅ Upstash Redis configured (REST API)","timestamp":"2026-02-04 20:50:07"}
{"level":"warn","message":"POST /api/auth/become-seller 400 - 22ms","timestamp":"2026-02-04 20:50:25"}
{"level":"warn","message":"POST /api/auth/become-seller 400 - 5ms","timestamp":"2026-02-04 20:50:33"}
