{"level":"info","message":"✅ Connected to Elasticsearch: f50e447812434b75a7b127868ebf6d81","timestamp":"2026-01-23 11:08:14"}
{"level":"error","message":"Failed to create index: illegal_argument_exception\n\tRoot causes:\n\t\tillegal_argument_exception: Settings [index.number_of_shards,index.number_of_replicas] are not available when running in serverless mode","timestamp":"2026-01-23 11:08:15"}
{"level":"info","message":"✅ Connected to Elasticsearch: f50e447812434b75a7b127868ebf6d81","timestamp":"2026-01-23 11:09:42"}
{"level":"info","message":"✅ Created Elasticsearch index: products","timestamp":"2026-01-23 11:09:44"}
{"level":"info","message":"✅ Upstash Redis configured (REST API)","timestamp":"2026-01-23 17:44:26"}
{"level":"info","message":"✅ Upstash Redis configured (REST API)","timestamp":"2026-01-23 17:45:21"}
{"level":"info","message":"✅ Upstash Redis configured (REST API)","timestamp":"2026-01-23 17:45:29"}
{"level":"info","message":"✅ Upstash Redis configured (REST API)","timestamp":"2026-01-23 17:45:47"}
{"level":"info","message":"✅ Upstash Redis configured (REST API)","timestamp":"2026-01-23 17:46:35"}
{"level":"info","message":"✅ Upstash Redis configured (REST API)","timestamp":"2026-01-23 17:58:45"}
{"level":"info","message":"✅ Upstash Redis configured (REST API)","timestamp":"2026-01-23 17:59:37"}
{"level":"info","message":"✅ Upstash Redis configured (REST API)","timestamp":"2026-01-23 18:01:18"}
{"level":"info","message":"✅ Upstash Redis configured (REST API)","timestamp":"2026-01-23 18:01:52"}
{"level":"info","message":"✅ Mapbox configured","timestamp":"2026-01-23 18:23:38"}
{"level":"info","message":"✅ Upstash Redis configured (REST API)","timestamp":"2026-01-23 18:23:40"}
{"level":"info","message":"✅ Mapbox configured","timestamp":"2026-01-23 18:24:19"}
{"level":"info","message":"✅ Upstash Redis configured (REST API)","timestamp":"2026-01-23 18:24:21"}
{"level":"info","message":"✅ Mapbox configured","timestamp":"2026-01-23 18:25:25"}
{"level":"info","message":"✅ Upstash Redis configured (REST API)","timestamp":"2026-01-23 18:25:26"}
{"level":"info","message":"✅ Mapbox configured","timestamp":"2026-01-23 18:31:50"}
{"level":"info","message":"✅ Upstash Redis configured (REST API)","timestamp":"2026-01-23 18:31:52"}
{"level":"info","message":"✅ Mapbox configured","timestamp":"2026-01-23 18:32:08"}
{"level":"info","message":"✅ Upstash Redis configured (REST API)","timestamp":"2026-01-23 18:32:10"}
{"level":"info","message":"✅ Mapbox configured","timestamp":"2026-01-23 18:32:53"}
{"level":"info","message":"✅ Upstash Redis configured (REST API)","timestamp":"2026-01-23 18:32:54"}
{"level":"info","message":"✅ Mapbox configured","timestamp":"2026-01-23 18:33:06"}
{"level":"info","message":"✅ Upstash Redis configured (REST API)","timestamp":"2026-01-23 18:33:07"}
{"level":"info","message":"✅ Mapbox configured","timestamp":"2026-01-23 18:38:52"}
{"level":"info","message":"✅ Upstash Redis configured (REST API)","timestamp":"2026-01-23 18:38:53"}
