{"level":"info","message":"✅ Mapbox configured","timestamp":"2026-02-22 10:31:04"}
{"level":"info","message":"✅ Upstash Redis configured (REST API)","timestamp":"2026-02-22 10:31:04"}
{"level":"http","message":"GET /api/auth/me 304 - 290ms","timestamp":"2026-02-22 10:31:16"}
{"level":"debug","message":"[Cache MISS] Cart for user 4b3ac1a8-3a35-4506-bda2-03a1e79d802c","timestamp":"2026-02-22 10:31:16"}
{"level":"http","message":"GET /api/cart 304 - 584ms","timestamp":"2026-02-22 10:31:16"}
{"level":"debug","message":"[Cache MISS] Cart for user 4b3ac1a8-3a35-4506-bda2-03a1e79d802c","timestamp":"2026-02-22 10:31:16"}
{"level":"http","message":"GET /api/cart 304 - 209ms","timestamp":"2026-02-22 10:31:16"}
{"level":"debug","message":"[Cache SET] Product list: newarrivals:10","timestamp":"2026-02-22 10:31:17"}
{"level":"http","message":"GET /api/products/new-arrivals 200 - 266ms","timestamp":"2026-02-22 10:31:17"}
{"level":"http","message":"GET /api/products/new-arrivals 200 - 119ms","timestamp":"2026-02-22 10:31:17"}
{"level":"http","message":"GET /api/products? 200 - 560ms","timestamp":"2026-02-22 10:31:17"}
{"level":"http","message":"GET /api/products? 200 - 111ms","timestamp":"2026-02-22 10:31:17"}
{"level":"debug","message":"[Cache SET] Product list: bestsellers:10","timestamp":"2026-02-22 10:31:18"}
{"level":"http","message":"GET /api/products/bestsellers 200 - 1107ms","timestamp":"2026-02-22 10:31:18"}
{"level":"http","message":"GET /api/products/bestsellers 200 - 150ms","timestamp":"2026-02-22 10:31:18"}
{"level":"http","message":"POST /api/auth/logout 200 - 765ms","timestamp":"2026-02-22 10:31:26"}
{"level":"http","message":"GET /api/products/new-arrivals 304 - 387ms","timestamp":"2026-02-22 10:31:35"}
{"level":"http","message":"GET /api/products? 304 - 389ms","timestamp":"2026-02-22 10:31:35"}
{"level":"http","message":"GET /api/products/bestsellers 304 - 403ms","timestamp":"2026-02-22 10:31:35"}
{"level":"http","message":"GET /api/products/new-arrivals 304 - 82ms","timestamp":"2026-02-22 10:31:35"}
{"level":"http","message":"GET /api/products/bestsellers 304 - 105ms","timestamp":"2026-02-22 10:31:35"}
{"level":"http","message":"GET /api/products? 304 - 119ms","timestamp":"2026-02-22 10:31:35"}
{"level":"debug","message":"[Cache SET] Product f364f31e-5192-4beb-8593-15026c81bdb7","timestamp":"2026-02-22 10:31:51"}
{"level":"http","message":"GET /api/products/f364f31e-5192-4beb-8593-15026c81bdb7 200 - 1298ms","timestamp":"2026-02-22 10:31:51"}
{"level":"debug","message":"[Cache HIT] Product f364f31e-5192-4beb-8593-15026c81bdb7","timestamp":"2026-02-22 10:31:51"}
{"level":"http","message":"GET /api/products/f364f31e-5192-4beb-8593-15026c81bdb7 200 - 85ms","timestamp":"2026-02-22 10:31:51"}
{"level":"debug","message":"[Cache SET] Product list: category:e38d4724-5320-471d-9d0d-a041211dfeb3","timestamp":"2026-02-22 10:31:51"}
{"level":"http","message":"GET /api/products/category/e38d4724-5320-471d-9d0d-a041211dfeb3 200 - 629ms","timestamp":"2026-02-22 10:31:51"}
{"level":"http","message":"GET /api/products/category/e38d4724-5320-471d-9d0d-a041211dfeb3 200 - 156ms","timestamp":"2026-02-22 10:31:52"}
{"level":"http","message":"GET /api/products/f364f31e-5192-4beb-8593-15026c81bdb7/reviews?page=1&limit=10 304 - 168ms","timestamp":"2026-02-22 10:31:52"}
{"level":"http","message":"GET /api/products/f364f31e-5192-4beb-8593-15026c81bdb7/reviews?page=1&limit=10 304 - 150ms","timestamp":"2026-02-22 10:31:52"}
{"level":"warn","message":"GET /api/auth/me 401 - 26ms","timestamp":"2026-02-22 11:27:31"}
{"level":"debug","message":"[Cache HIT] Product f364f31e-5192-4beb-8593-15026c81bdb7","timestamp":"2026-02-22 11:27:32"}
{"level":"http","message":"GET /api/products/f364f31e-5192-4beb-8593-15026c81bdb7 304 - 1109ms","timestamp":"2026-02-22 11:27:32"}
{"level":"http","message":"GET /api/products/category/e38d4724-5320-471d-9d0d-a041211dfeb3 304 - 127ms","timestamp":"2026-02-22 11:27:32"}
{"level":"http","message":"GET /api/products/f364f31e-5192-4beb-8593-15026c81bdb7/reviews?page=1&limit=10 304 - 1233ms","timestamp":"2026-02-22 11:27:33"}
{"level":"warn","message":"GET /api/auth/me 401 - 1ms","timestamp":"2026-02-22 11:29:02"}
{"level":"debug","message":"[Cache HIT] Product f364f31e-5192-4beb-8593-15026c81bdb7","timestamp":"2026-02-22 11:29:03"}
{"level":"http","message":"GET /api/products/f364f31e-5192-4beb-8593-15026c81bdb7 304 - 741ms","timestamp":"2026-02-22 11:29:03"}
{"level":"http","message":"GET /api/products/category/e38d4724-5320-471d-9d0d-a041211dfeb3 304 - 140ms","timestamp":"2026-02-22 11:29:03"}
{"level":"http","message":"GET /api/products/f364f31e-5192-4beb-8593-15026c81bdb7/reviews?page=1&limit=10 304 - 1150ms","timestamp":"2026-02-22 11:29:04"}
{"level":"warn","message":"GET /api/auth/me 401 - 2ms","timestamp":"2026-02-22 11:29:21"}
{"level":"debug","message":"[Cache HIT] Product f364f31e-5192-4beb-8593-15026c81bdb7","timestamp":"2026-02-22 11:29:22"}
{"level":"http","message":"GET /api/products/f364f31e-5192-4beb-8593-15026c81bdb7 304 - 591ms","timestamp":"2026-02-22 11:29:22"}
{"level":"http","message":"GET /api/products/category/e38d4724-5320-471d-9d0d-a041211dfeb3 304 - 146ms","timestamp":"2026-02-22 11:29:22"}
{"level":"http","message":"GET /api/products/f364f31e-5192-4beb-8593-15026c81bdb7/reviews?page=1&limit=10 304 - 1129ms","timestamp":"2026-02-22 11:29:23"}
{"level":"info","message":"✅ Mapbox configured","timestamp":"2026-02-22 17:41:30"}
{"level":"info","message":"✅ Upstash Redis configured (REST API)","timestamp":"2026-02-22 17:41:30"}
{"level":"warn","message":"GET /api/auth/me 401 - 5ms","timestamp":"2026-02-22 17:41:58"}
{"level":"debug","message":"[Cache SET] Product list: newarrivals:10","timestamp":"2026-02-22 17:42:01"}
{"level":"http","message":"GET /api/products/new-arrivals 200 - 3110ms","timestamp":"2026-02-22 17:42:01"}
{"level":"debug","message":"[Cache SET] Product list: bestsellers:10","timestamp":"2026-02-22 17:42:01"}
{"level":"http","message":"GET /api/products/bestsellers 200 - 3055ms","timestamp":"2026-02-22 17:42:01"}
{"level":"http","message":"GET /api/products? 200 - 3388ms","timestamp":"2026-02-22 17:42:01"}
{"level":"debug","message":"[Cache SET] Product b8742900-c1d0-44e0-9e2c-69186b65c045","timestamp":"2026-02-22 17:42:05"}
{"level":"http","message":"GET /api/products/b8742900-c1d0-44e0-9e2c-69186b65c045 200 - 1161ms","timestamp":"2026-02-22 17:42:05"}
{"level":"debug","message":"[Cache HIT] Product b8742900-c1d0-44e0-9e2c-69186b65c045","timestamp":"2026-02-22 17:42:06"}
{"level":"http","message":"GET /api/products/b8742900-c1d0-44e0-9e2c-69186b65c045 200 - 333ms","timestamp":"2026-02-22 17:42:06"}
{"level":"debug","message":"[Cache SET] Product list: category:86d4f7a2-4f9a-4afe-88ea-bb2c62204a96","timestamp":"2026-02-22 17:42:07"}
{"level":"http","message":"GET /api/products/category/86d4f7a2-4f9a-4afe-88ea-bb2c62204a96 200 - 1824ms","timestamp":"2026-02-22 17:42:07"}
{"level":"http","message":"GET /api/products/category/86d4f7a2-4f9a-4afe-88ea-bb2c62204a96 200 - 71ms","timestamp":"2026-02-22 17:42:07"}
{"level":"http","message":"GET /api/products/b8742900-c1d0-44e0-9e2c-69186b65c045/reviews?page=1&limit=10 304 - 202ms","timestamp":"2026-02-22 17:42:07"}
{"level":"http","message":"GET /api/products/b8742900-c1d0-44e0-9e2c-69186b65c045/reviews?page=1&limit=10 304 - 169ms","timestamp":"2026-02-22 17:42:07"}
{"level":"warn","message":"GET /api/auth/me 401 - 6ms","timestamp":"2026-02-22 17:52:12"}
{"level":"debug","message":"[Cache HIT] Product b8742900-c1d0-44e0-9e2c-69186b65c045","timestamp":"2026-02-22 17:52:12"}
{"level":"http","message":"GET /api/products/b8742900-c1d0-44e0-9e2c-69186b65c045 304 - 563ms","timestamp":"2026-02-22 17:52:12"}
{"level":"http","message":"GET /api/products/category/86d4f7a2-4f9a-4afe-88ea-bb2c62204a96 304 - 109ms","timestamp":"2026-02-22 17:52:12"}
{"level":"http","message":"GET /api/products/b8742900-c1d0-44e0-9e2c-69186b65c045/reviews?page=1&limit=10 304 - 1881ms","timestamp":"2026-02-22 17:52:14"}
{"level":"http","message":"GET /api/products/bestsellers 200 - 927ms","timestamp":"2026-02-22 17:52:31"}
{"level":"http","message":"GET /api/products/new-arrivals 200 - 946ms","timestamp":"2026-02-22 17:52:31"}
{"level":"http","message":"GET /api/products/bestsellers 304 - 195ms","timestamp":"2026-02-22 17:52:31"}
{"level":"http","message":"GET /api/products/new-arrivals 304 - 302ms","timestamp":"2026-02-22 17:52:31"}
{"level":"http","message":"GET /api/products? 304 - 3916ms","timestamp":"2026-02-22 17:52:34"}
{"level":"http","message":"GET /api/products? 200 - 182ms","timestamp":"2026-02-22 17:52:34"}
{"level":"debug","message":"[Cache SET] Product 8b8e6c0e-bc51-4817-901e-5357c2cdfc1a","timestamp":"2026-02-22 17:54:01"}
{"level":"http","message":"GET /api/products/8b8e6c0e-bc51-4817-901e-5357c2cdfc1a 200 - 2050ms","timestamp":"2026-02-22 17:54:01"}
{"level":"debug","message":"[Cache HIT] Product 8b8e6c0e-bc51-4817-901e-5357c2cdfc1a","timestamp":"2026-02-22 17:54:01"}
{"level":"http","message":"GET /api/products/8b8e6c0e-bc51-4817-901e-5357c2cdfc1a 200 - 183ms","timestamp":"2026-02-22 17:54:01"}
{"level":"http","message":"GET /api/products/category/86d4f7a2-4f9a-4afe-88ea-bb2c62204a96 304 - 448ms","timestamp":"2026-02-22 17:54:02"}
{"level":"http","message":"GET /api/products/category/86d4f7a2-4f9a-4afe-88ea-bb2c62204a96 304 - 152ms","timestamp":"2026-02-22 17:54:02"}
{"level":"http","message":"GET /api/products/8b8e6c0e-bc51-4817-901e-5357c2cdfc1a/reviews?page=1&limit=10 304 - 173ms","timestamp":"2026-02-22 17:54:02"}
{"level":"http","message":"GET /api/products/8b8e6c0e-bc51-4817-901e-5357c2cdfc1a/reviews?page=1&limit=10 304 - 224ms","timestamp":"2026-02-22 17:54:02"}
{"level":"http","message":"GET /api/products? 304 - 255ms","timestamp":"2026-02-22 17:54:12"}
{"level":"http","message":"GET /api/products/new-arrivals 304 - 281ms","timestamp":"2026-02-22 17:54:12"}
{"level":"http","message":"GET /api/products/bestsellers 304 - 303ms","timestamp":"2026-02-22 17:54:12"}
{"level":"http","message":"GET /api/products/new-arrivals 304 - 71ms","timestamp":"2026-02-22 17:54:12"}
{"level":"http","message":"GET /api/products? 304 - 100ms","timestamp":"2026-02-22 17:54:12"}
{"level":"http","message":"GET /api/products/bestsellers 304 - 123ms","timestamp":"2026-02-22 17:54:12"}
{"level":"debug","message":"[Cache HIT] Product f364f31e-5192-4beb-8593-15026c81bdb7","timestamp":"2026-02-22 17:54:14"}
{"level":"http","message":"GET /api/products/f364f31e-5192-4beb-8593-15026c81bdb7 304 - 128ms","timestamp":"2026-02-22 17:54:14"}
{"level":"debug","message":"[Cache HIT] Product f364f31e-5192-4beb-8593-15026c81bdb7","timestamp":"2026-02-22 17:54:15"}
{"level":"http","message":"GET /api/products/f364f31e-5192-4beb-8593-15026c81bdb7 304 - 182ms","timestamp":"2026-02-22 17:54:15"}
{"level":"debug","message":"[Cache SET] Product list: category:e38d4724-5320-471d-9d0d-a041211dfeb3","timestamp":"2026-02-22 17:54:16"}
{"level":"http","message":"GET /api/products/category/e38d4724-5320-471d-9d0d-a041211dfeb3 200 - 1177ms","timestamp":"2026-02-22 17:54:16"}
{"level":"http","message":"GET /api/products/category/e38d4724-5320-471d-9d0d-a041211dfeb3 200 - 264ms","timestamp":"2026-02-22 17:54:16"}
{"level":"http","message":"GET /api/products/f364f31e-5192-4beb-8593-15026c81bdb7/reviews?page=1&limit=10 304 - 256ms","timestamp":"2026-02-22 17:54:16"}
{"level":"http","message":"GET /api/products/f364f31e-5192-4beb-8593-15026c81bdb7/reviews?page=1&limit=10 304 - 333ms","timestamp":"2026-02-22 17:54:16"}
{"level":"http","message":"GET /api/products/new-arrivals 304 - 565ms","timestamp":"2026-02-22 17:58:10"}
{"level":"http","message":"GET /api/products/bestsellers 304 - 569ms","timestamp":"2026-02-22 17:58:10"}
{"level":"http","message":"GET /api/products/new-arrivals 304 - 85ms","timestamp":"2026-02-22 17:58:10"}
{"level":"http","message":"GET /api/products/bestsellers 304 - 156ms","timestamp":"2026-02-22 17:58:10"}
{"level":"http","message":"GET /api/products? 200 - 2629ms","timestamp":"2026-02-22 17:58:12"}
{"level":"http","message":"GET /api/products? 200 - 182ms","timestamp":"2026-02-22 17:58:12"}
{"level":"debug","message":"[Cache HIT] Product b8742900-c1d0-44e0-9e2c-69186b65c045","timestamp":"2026-02-22 18:01:08"}
{"level":"http","message":"GET /api/products/b8742900-c1d0-44e0-9e2c-69186b65c045 304 - 533ms","timestamp":"2026-02-22 18:01:08"}
{"level":"debug","message":"[Cache HIT] Product b8742900-c1d0-44e0-9e2c-69186b65c045","timestamp":"2026-02-22 18:01:08"}
{"level":"http","message":"GET /api/products/b8742900-c1d0-44e0-9e2c-69186b65c045 304 - 76ms","timestamp":"2026-02-22 18:01:08"}
{"level":"http","message":"GET /api/products/category/86d4f7a2-4f9a-4afe-88ea-bb2c62204a96 304 - 303ms","timestamp":"2026-02-22 18:01:09"}
{"level":"http","message":"GET /api/products/category/86d4f7a2-4f9a-4afe-88ea-bb2c62204a96 304 - 63ms","timestamp":"2026-02-22 18:01:09"}
{"level":"http","message":"GET /api/products/b8742900-c1d0-44e0-9e2c-69186b65c045/reviews?page=1&limit=10 304 - 804ms","timestamp":"2026-02-22 18:01:09"}
{"level":"http","message":"GET /api/products/b8742900-c1d0-44e0-9e2c-69186b65c045/reviews?page=1&limit=10 304 - 187ms","timestamp":"2026-02-22 18:01:10"}
